This file contains any messages produced by compilers while
running configure, to aid debugging if configure makes a mistake.

It was created by WiredTiger configure 3.2.2, which was
generated by GNU Autoconf 2.69.  Invocation command line was

  $ ../configure 

## --------- ##
## Platform. ##
## --------- ##

hostname = liger
uname -m = x86_64
uname -r = 4.15.0-66-generic
uname -s = Linux
uname -v = #75-Ubuntu SMP Tue Oct 1 05:24:09 UTC 2019

/usr/bin/uname -p = unknown
/bin/uname -X     = unknown

/bin/arch              = unknown
/usr/bin/arch -k       = unknown
/usr/convex/getsysinfo = unknown
/usr/bin/hostinfo      = unknown
/bin/machine           = unknown
/usr/bin/oslevel       = unknown
/bin/universe          = unknown

PATH: /home/hbokhari/.local/bin
PATH: /usr/local/sbin
PATH: /usr/local/bin
PATH: /usr/sbin
PATH: /usr/bin
PATH: /sbin
PATH: /bin
PATH: /usr/games
PATH: /usr/local/games
PATH: /snap/bin


## ----------- ##
## Core tests. ##
## ----------- ##

configure:2788: checking for a BSD-compatible install
configure:2856: result: /usr/bin/install -c
configure:2867: checking whether build environment is sane
configure:2922: result: yes
configure:3073: checking for a thread-safe mkdir -p
configure:3112: result: /bin/mkdir -p
configure:3119: checking for gawk
configure:3135: found /usr/bin/gawk
configure:3146: result: gawk
configure:3157: checking whether make sets $(MAKE)
configure:3179: result: yes
configure:3208: checking whether make supports nested variables
configure:3225: result: yes
configure:3362: checking whether make supports nested variables
configure:3379: result: yes
configure:3449: checking for cc
configure:3465: found /usr/bin/cc
configure:3476: result: cc
configure:3507: checking for C compiler version
configure:3516: cc --version >&5
cc (GCC) 5.4.0
Copyright (C) 2015 Free Software Foundation, Inc.
This is free software; see the source for copying conditions.  There is NO
warranty; not even for MERCHANTABILITY or FITNESS FOR A PARTICULAR PURPOSE.

configure:3527: $? = 0
configure:3516: cc -v >&5
Using built-in specs.
COLLECT_GCC=cc
COLLECT_LTO_WRAPPER=/opt/mongodbtoolchain/stow/gcc-v2.IAY/libexec/gcc/x86_64-mongodb-linux/5.4.0/lto-wrapper
Target: x86_64-mongodb-linux
Configured with: ../src/gcc-5.4.0/configure --with-tune=generic --enable-multilib --with-arch_32=nocona --enable-__cxa_atexit --with-linker-hash-style=gnu --enable-plugin --enable-linker-build-id --with-build-time-tools=/usr/bin --prefix=/opt/mongodbtoolchain/stow/gcc-v2.IAY --enable-bootstrap --enable-shared --enable-threads=posix --enable-checking=release --with-pic --with-system-zlib --with-isl=/opt/mongodbtoolchain/stow/prereqs.MwQ --with-mpc=/opt/mongodbtoolchain/stow/prereqs.MwQ --with-mpfr=/opt/mongodbtoolchain/stow/prereqs.MwQ --with-gmp=/opt/mongodbtoolchain/stow/prereqs.MwQ --with-cloog-include=/opt/mongodbtoolchain/stow/prereqs.MwQ/include --with-cloog-lib=/opt/mongodbtoolchain/stow/prereqs.MwQ/lib --enable-languages=c,c++,go,lto --build=x86_64-mongodb-linux
Thread model: posix
gcc version 5.4.0 (GCC) 
configure:3527: $? = 0
configure:3516: cc -V >&5
cc: error: unrecognized command line option '-V'
cc: fatal error: no input files
compilation terminated.
configure:3527: $? = 1
configure:3516: cc -qversion >&5
cc: error: unrecognized command line option '-qversion'
cc: fatal error: no input files
compilation terminated.
configure:3527: $? = 1
configure:3547: checking whether the C compiler works
configure:3569: cc -O3 -g   conftest.c  >&5
configure:3573: $? = 0
configure:3621: result: yes
configure:3624: checking for C compiler default output file name
configure:3626: result: a.out
configure:3632: checking for suffix of executables
configure:3639: cc -o conftest -O3 -g   conftest.c  >&5
configure:3643: $? = 0
configure:3665: result: 
configure:3687: checking whether we are cross compiling
configure:3695: cc -o conftest -O3 -g   conftest.c  >&5
configure:3699: $? = 0
configure:3706: ./conftest
configure:3710: $? = 0
configure:3725: result: no
configure:3730: checking for suffix of object files
configure:3752: cc -c -O3 -g  conftest.c >&5
configure:3756: $? = 0
configure:3777: result: o
configure:3781: checking whether we are using the GNU C compiler
configure:3800: cc -c -O3 -g  conftest.c >&5
configure:3800: $? = 0
configure:3809: result: yes
configure:3818: checking whether cc accepts -g
configure:3838: cc -c -g  conftest.c >&5
configure:3838: $? = 0
configure:3879: result: yes
configure:3896: checking for cc option to accept ISO C89
configure:3959: cc  -c -O3 -g  conftest.c >&5
configure:3959: $? = 0
configure:3972: result: none needed
configure:3997: checking whether cc understands -c and -o together
configure:4019: cc -c conftest.c -o conftest2.o
configure:4022: $? = 0
configure:4019: cc -c conftest.c -o conftest2.o
configure:4022: $? = 0
configure:4034: result: yes
configure:4062: checking for style of include used by make
configure:4090: result: GNU
configure:4116: checking dependency style of cc
configure:4227: result: gcc3
configure:4300: checking for c++
configure:4316: found /usr/bin/c++
configure:4327: result: c++
configure:4354: checking for C++ compiler version
configure:4363: c++ --version >&5
c++ (Ubuntu 7.4.0-1ubuntu1~18.04.1) 7.4.0
Copyright (C) 2017 Free Software Foundation, Inc.
This is free software; see the source for copying conditions.  There is NO
warranty; not even for MERCHANTABILITY or FITNESS FOR A PARTICULAR PURPOSE.

configure:4374: $? = 0
configure:4363: c++ -v >&5
Using built-in specs.
COLLECT_GCC=c++
COLLECT_LTO_WRAPPER=/usr/lib/gcc/x86_64-linux-gnu/7/lto-wrapper
OFFLOAD_TARGET_NAMES=nvptx-none
OFFLOAD_TARGET_DEFAULT=1
Target: x86_64-linux-gnu
Configured with: ../src/configure -v --with-pkgversion='Ubuntu 7.4.0-1ubuntu1~18.04.1' --with-bugurl=file:///usr/share/doc/gcc-7/README.Bugs --enable-languages=c,ada,c++,go,brig,d,fortran,objc,obj-c++ --prefix=/usr --with-gcc-major-version-only --program-suffix=-7 --program-prefix=x86_64-linux-gnu- --enable-shared --enable-linker-build-id --libexecdir=/usr/lib --without-included-gettext --enable-threads=posix --libdir=/usr/lib --enable-nls --with-sysroot=/ --enable-clocale=gnu --enable-libstdcxx-debug --enable-libstdcxx-time=yes --with-default-libstdcxx-abi=new --enable-gnu-unique-object --disable-vtable-verify --enable-libmpx --enable-plugin --enable-default-pie --with-system-zlib --with-target-system-zlib --enable-objc-gc=auto --enable-multiarch --disable-werror --with-arch-32=i686 --with-abi=m64 --with-multilib-list=m32,m64,mx32 --enable-multilib --with-tune=generic --enable-offload-targets=nvptx-none --without-cuda-driver --enable-checking=release --build=x86_64-linux-gnu --host=x86_64-linux-gnu --target=x86_64-linux-gnu
Thread model: posix
gcc version 7.4.0 (Ubuntu 7.4.0-1ubuntu1~18.04.1) 
configure:4374: $? = 0
configure:4363: c++ -V >&5
c++: error: unrecognized command line option '-V'
c++: fatal error: no input files
compilation terminated.
configure:4374: $? = 1
configure:4363: c++ -qversion >&5
c++: error: unrecognized command line option '-qversion'; did you mean '--version'?
c++: fatal error: no input files
compilation terminated.
configure:4374: $? = 1
configure:4378: checking whether we are using the GNU C++ compiler
configure:4397: c++ -c -O3 -g  conftest.cpp >&5
configure:4397: $? = 0
configure:4406: result: yes
configure:4415: checking whether c++ accepts -g
configure:4435: c++ -c -g  conftest.cpp >&5
configure:4435: $? = 0
configure:4476: result: yes
configure:4501: checking dependency style of c++
configure:4612: result: gcc3
configure:4636: checking dependency style of cc
configure:4745: result: gcc3
configure:4768: checking whether the C++ compiler works
configure:4790: c++ -o conftest -O3 -g   conftest.cpp  >&5
configure:4790: $? = 0
configure:4804: result: yes
configure:4850: checking build system type
configure:4864: result: x86_64-pc-linux-gnu
configure:4884: checking host system type
configure:4897: result: x86_64-pc-linux-gnu
configure:4938: checking how to print strings
configure:4965: result: printf
configure:4986: checking for a sed that does not truncate output
configure:5050: result: /bin/sed
configure:5068: checking for grep that handles long lines and -e
configure:5126: result: /bin/grep
configure:5131: checking for egrep
configure:5193: result: /bin/grep -E
configure:5198: checking for fgrep
configure:5260: result: /bin/grep -F
configure:5295: checking for ld used by cc
configure:5362: result: /usr/bin/ld
configure:5369: checking if the linker (/usr/bin/ld) is GNU ld
configure:5384: result: yes
configure:5396: checking for BSD- or MS-compatible name lister (nm)
configure:5450: result: /usr/bin/nm -B
configure:5580: checking the name lister (/usr/bin/nm -B) interface
configure:5587: cc -c -O3 -g  conftest.c >&5
configure:5590: /usr/bin/nm -B "conftest.o"
configure:5593: output
0000000000000000 B some_variable
configure:5600: result: BSD nm
configure:5603: checking whether ln -s works
configure:5607: result: yes
configure:5615: checking the maximum length of command line arguments
configure:5746: result: 1572864
configure:5794: checking how to convert x86_64-pc-linux-gnu file names to x86_64-pc-linux-gnu format
configure:5834: result: func_convert_file_noop
configure:5841: checking how to convert x86_64-pc-linux-gnu file names to toolchain format
configure:5861: result: func_convert_file_noop
configure:5868: checking for /usr/bin/ld option to reload object files
configure:5875: result: -r
configure:5949: checking for objdump
configure:5965: found /usr/bin/objdump
configure:5976: result: objdump
configure:6008: checking how to recognize dependent libraries
configure:6208: result: pass_all
configure:6293: checking for dlltool
configure:6323: result: no
configure:6353: checking how to associate runtime and link libraries
configure:6380: result: printf %s\n
configure:6441: checking for ar
configure:6457: found /usr/bin/ar
configure:6468: result: ar
configure:6505: checking for archiver @FILE support
configure:6522: cc -c -O3 -g  conftest.c >&5
configure:6522: $? = 0
configure:6525: ar cru libconftest.a @conftest.lst >&5
ar: `u' modifier ignored since `D' is the default (see `U')
configure:6528: $? = 0
configure:6533: ar cru libconftest.a @conftest.lst >&5
ar: `u' modifier ignored since `D' is the default (see `U')
ar: conftest.o: No such file or directory
configure:6536: $? = 1
configure:6548: result: @
configure:6606: checking for strip
configure:6622: found /usr/bin/strip
configure:6633: result: strip
configure:6705: checking for ranlib
configure:6721: found /usr/bin/ranlib
configure:6732: result: ranlib
configure:6834: checking command to parse /usr/bin/nm -B output from cc object
configure:6987: cc -c -O3 -g  conftest.c >&5
configure:6990: $? = 0
configure:6994: /usr/bin/nm -B conftest.o \| sed -n -e 's/^.*[ ]\([ABCDGIRSTW][ABCDGIRSTW]*\)[ ][ ]*\([_A-Za-z][_A-Za-z0-9]*\)$/\1 \2 \2/p' | sed '/ __gnu_lto/d' \> conftest.nm
configure:6997: $? = 0
configure:7063: cc -o conftest -O3 -g   conftest.c conftstm.o >&5
configure:7066: $? = 0
configure:7104: result: ok
configure:7151: checking for sysroot
configure:7181: result: no
configure:7188: checking for a working dd
configure:7226: result: /bin/dd
configure:7230: checking how to truncate binary pipes
configure:7245: result: /bin/dd bs=4096 count=1
configure:7381: cc -c -O3 -g  conftest.c >&5
configure:7384: $? = 0
configure:7574: checking for mt
configure:7590: found /bin/mt
configure:7601: result: mt
configure:7624: checking if mt is a manifest tool
configure:7630: mt '-?'
configure:7638: result: no
configure:8315: checking how to run the C preprocessor
configure:8346: cc -E  conftest.c
configure:8346: $? = 0
configure:8360: cc -E  conftest.c
conftest.c:11:28: fatal error: ac_nonexistent.h: No such file or directory
compilation terminated.
configure:8360: $? = 1
configure: failed program was:
| /* confdefs.h */
| #define PACKAGE_NAME "WiredTiger"
| #define PACKAGE_TARNAME "wiredtiger"
| #define PACKAGE_VERSION "3.2.2"
| #define PACKAGE_STRING "WiredTiger 3.2.2"
| #define PACKAGE_BUGREPORT "support@wiredtiger.com"
| #define PACKAGE_URL ""
| #define PACKAGE "wiredtiger"
| #define VERSION "3.2.2"
| /* end confdefs.h.  */
| #include <ac_nonexistent.h>
configure:8385: result: cc -E
configure:8405: cc -E  conftest.c
configure:8405: $? = 0
configure:8419: cc -E  conftest.c
conftest.c:11:28: fatal error: ac_nonexistent.h: No such file or directory
compilation terminated.
configure:8419: $? = 1
configure: failed program was:
| /* confdefs.h */
| #define PACKAGE_NAME "WiredTiger"
| #define PACKAGE_TARNAME "wiredtiger"
| #define PACKAGE_VERSION "3.2.2"
| #define PACKAGE_STRING "WiredTiger 3.2.2"
| #define PACKAGE_BUGREPORT "support@wiredtiger.com"
| #define PACKAGE_URL ""
| #define PACKAGE "wiredtiger"
| #define VERSION "3.2.2"
| /* end confdefs.h.  */
| #include <ac_nonexistent.h>
configure:8448: checking for ANSI C header files
configure:8468: cc -c -O3 -g  conftest.c >&5
configure:8468: $? = 0
configure:8541: cc -o conftest -O3 -g   conftest.c  >&5
configure:8541: $? = 0
configure:8541: ./conftest
configure:8541: $? = 0
configure:8552: result: yes
configure:8565: checking for sys/types.h
configure:8565: cc -c -O3 -g  conftest.c >&5
configure:8565: $? = 0
configure:8565: result: yes
configure:8565: checking for sys/stat.h
configure:8565: cc -c -O3 -g  conftest.c >&5
configure:8565: $? = 0
configure:8565: result: yes
configure:8565: checking for stdlib.h
configure:8565: cc -c -O3 -g  conftest.c >&5
configure:8565: $? = 0
configure:8565: result: yes
configure:8565: checking for string.h
configure:8565: cc -c -O3 -g  conftest.c >&5
configure:8565: $? = 0
configure:8565: result: yes
configure:8565: checking for memory.h
configure:8565: cc -c -O3 -g  conftest.c >&5
configure:8565: $? = 0
configure:8565: result: yes
configure:8565: checking for strings.h
configure:8565: cc -c -O3 -g  conftest.c >&5
configure:8565: $? = 0
configure:8565: result: yes
configure:8565: checking for inttypes.h
configure:8565: cc -c -O3 -g  conftest.c >&5
configure:8565: $? = 0
configure:8565: result: yes
configure:8565: checking for stdint.h
configure:8565: cc -c -O3 -g  conftest.c >&5
configure:8565: $? = 0
configure:8565: result: yes
configure:8565: checking for unistd.h
configure:8565: cc -c -O3 -g  conftest.c >&5
configure:8565: $? = 0
configure:8565: result: yes
configure:8579: checking for dlfcn.h
configure:8579: cc -c -O3 -g  conftest.c >&5
configure:8579: $? = 0
configure:8579: result: yes
configure:8844: checking for objdir
configure:8859: result: .libs
configure:9123: checking if cc supports -fno-rtti -fno-exceptions
configure:9141: cc -c -O3 -g  -fno-rtti -fno-exceptions conftest.c >&5
cc1: warning: command line option '-fno-rtti' is valid for C++/ObjC++ but not for C
configure:9145: $? = 0
configure:9158: result: no
configure:9516: checking for cc option to produce PIC
configure:9523: result: -fPIC -DPIC
configure:9531: checking if cc PIC flag -fPIC -DPIC works
configure:9549: cc -c -O3 -g  -fPIC -DPIC -DPIC conftest.c >&5
configure:9553: $? = 0
configure:9566: result: yes
configure:9595: checking if cc static flag -static works
configure:9623: result: yes
configure:9638: checking if cc supports -c -o file.o
configure:9659: cc -c -O3 -g  -o out/conftest2.o conftest.c >&5
configure:9663: $? = 0
configure:9685: result: yes
configure:9693: checking if cc supports -c -o file.o
configure:9740: result: yes
configure:9773: checking whether the cc linker (/usr/bin/ld -m elf_x86_64) supports shared libraries
configure:11036: result: yes
configure:11073: checking whether -lc should be explicitly linked in
configure:11081: cc -c -O3 -g  conftest.c >&5
configure:11084: $? = 0
configure:11099: cc -shared  -fPIC -DPIC conftest.o  -v -Wl,-soname -Wl,conftest -o conftest 2\>\&1 \| /bin/grep  -lc  \>/dev/null 2\>\&1
configure:11102: $? = 0
configure:11116: result: no
configure:11276: checking dynamic linker characteristics
configure:11857: cc -o conftest -O3 -g   -Wl,-rpath -Wl,/foo conftest.c  >&5
configure:11857: $? = 0
configure:12106: result: GNU/Linux ld.so
configure:12228: checking how to hardcode library paths into programs
configure:12253: result: immediate
configure:12801: checking whether stripping libraries is possible
configure:12806: result: yes
configure:12841: checking if libtool supports shared libraries
configure:12843: result: yes
configure:12846: checking whether to build shared libraries
configure:12871: result: yes
configure:12874: checking whether to build static libraries
configure:12878: result: yes
configure:12901: checking how to run the C++ preprocessor
configure:12928: c++ -E  conftest.cpp
configure:12928: $? = 0
configure:12942: c++ -E  conftest.cpp
conftest.cpp:23:10: fatal error: ac_nonexistent.h: No such file or directory
 #include <ac_nonexistent.h>
          ^~~~~~~~~~~~~~~~~~
compilation terminated.
configure:12942: $? = 1
configure: failed program was:
| /* confdefs.h */
| #define PACKAGE_NAME "WiredTiger"
| #define PACKAGE_TARNAME "wiredtiger"
| #define PACKAGE_VERSION "3.2.2"
| #define PACKAGE_STRING "WiredTiger 3.2.2"
| #define PACKAGE_BUGREPORT "support@wiredtiger.com"
| #define PACKAGE_URL ""
| #define PACKAGE "wiredtiger"
| #define VERSION "3.2.2"
| #define STDC_HEADERS 1
| #define HAVE_SYS_TYPES_H 1
| #define HAVE_SYS_STAT_H 1
| #define HAVE_STDLIB_H 1
| #define HAVE_STRING_H 1
| #define HAVE_MEMORY_H 1
| #define HAVE_STRINGS_H 1
| #define HAVE_INTTYPES_H 1
| #define HAVE_STDINT_H 1
| #define HAVE_UNISTD_H 1
| #define HAVE_DLFCN_H 1
| #define LT_OBJDIR ".libs/"
| /* end confdefs.h.  */
| #include <ac_nonexistent.h>
configure:12967: result: c++ -E
configure:12987: c++ -E  conftest.cpp
configure:12987: $? = 0
configure:13001: c++ -E  conftest.cpp
conftest.cpp:23:10: fatal error: ac_nonexistent.h: No such file or directory
 #include <ac_nonexistent.h>
          ^~~~~~~~~~~~~~~~~~
compilation terminated.
configure:13001: $? = 1
configure: failed program was:
| /* confdefs.h */
| #define PACKAGE_NAME "WiredTiger"
| #define PACKAGE_TARNAME "wiredtiger"
| #define PACKAGE_VERSION "3.2.2"
| #define PACKAGE_STRING "WiredTiger 3.2.2"
| #define PACKAGE_BUGREPORT "support@wiredtiger.com"
| #define PACKAGE_URL ""
| #define PACKAGE "wiredtiger"
| #define VERSION "3.2.2"
| #define STDC_HEADERS 1
| #define HAVE_SYS_TYPES_H 1
| #define HAVE_SYS_STAT_H 1
| #define HAVE_STDLIB_H 1
| #define HAVE_STRING_H 1
| #define HAVE_MEMORY_H 1
| #define HAVE_STRINGS_H 1
| #define HAVE_INTTYPES_H 1
| #define HAVE_STDINT_H 1
| #define HAVE_UNISTD_H 1
| #define HAVE_DLFCN_H 1
| #define LT_OBJDIR ".libs/"
| /* end confdefs.h.  */
| #include <ac_nonexistent.h>
configure:13163: checking for ld used by c++
configure:13230: result: /usr/bin/ld -m elf_x86_64
configure:13237: checking if the linker (/usr/bin/ld -m elf_x86_64) is GNU ld
configure:13252: result: yes
configure:13307: checking whether the c++ linker (/usr/bin/ld -m elf_x86_64) supports shared libraries
configure:14380: result: yes
configure:14416: c++ -c -O3 -g  conftest.cpp >&5
configure:14419: $? = 0
configure:14900: checking for c++ option to produce PIC
configure:14907: result: -fPIC -DPIC
configure:14915: checking if c++ PIC flag -fPIC -DPIC works
configure:14933: c++ -c -O3 -g  -fPIC -DPIC -DPIC conftest.cpp >&5
configure:14937: $? = 0
configure:14950: result: yes
configure:14973: checking if c++ static flag -static works
configure:15001: result: yes
configure:15013: checking if c++ supports -c -o file.o
configure:15034: c++ -c -O3 -g  -o out/conftest2.o conftest.cpp >&5
configure:15038: $? = 0
configure:15060: result: yes
configure:15065: checking if c++ supports -c -o file.o
configure:15112: result: yes
configure:15142: checking whether the c++ linker (/usr/bin/ld -m elf_x86_64) supports shared libraries
configure:15185: result: yes
configure:15326: checking dynamic linker characteristics
configure:16083: result: GNU/Linux ld.so
configure:16148: checking how to hardcode library paths into programs
configure:16173: result: immediate
configure:16350: checking whether C compiler accepts -std=c11
configure:16369: cc -c -O3 -g  -std=c11  conftest.c >&5
configure:16369: $? = 0
configure:16377: result: yes
configure:16417: checking if --enable-attach option specified
configure:16432: result: no
configure:16439: checking if --with-builtins option specified
configure:16501: result: 
configure:16505: checking if --enable-diagnostic option specified
configure:16520: result: no
configure:16523: checking if --enable-java option specified
configure:16539: result: no
configure:16550: checking if --enable-python option specified
configure:16566: result: no
configure:16577: checking if --with-python-prefix option specified
configure:16585: result: 
configure:16588: checking if --enable-snappy option specified
configure:16609: result: no
configure:16677: checking if --enable-lz4 option specified
configure:16698: result: no
configure:16766: checking if --enable-tcmalloc option specified
configure:16779: result: no
configure:16848: checking if --with-spinlock option specified
configure:16869: result: pthread
configure:16873: checking if --enable-page-version-ts option specified
configure:16888: result: no
configure:16891: checking if --enable-strict option specified
configure:16904: result: no
configure:16907: checking if --enable-zlib option specified
configure:16928: result: no
configure:16996: checking if --enable-zstd option specified
configure:17017: result: no
configure:17086: checking if --disable-crc32-hardware option specified
configure:17102: result: no
configure:18480: checking for FILE *
configure:18480: cc -c -O3 -g  conftest.c >&5
configure:18480: $? = 0
configure:18480: cc -c -O3 -g  conftest.c >&5
conftest.c: In function 'main':
conftest.c:35:21: error: expected expression before ')' token
 if (sizeof ((FILE *)))
                     ^
configure:18480: $? = 1
configure: failed program was:
| /* confdefs.h */
| #define PACKAGE_NAME "WiredTiger"
| #define PACKAGE_TARNAME "wiredtiger"
| #define PACKAGE_VERSION "3.2.2"
| #define PACKAGE_STRING "WiredTiger 3.2.2"
| #define PACKAGE_BUGREPORT "support@wiredtiger.com"
| #define PACKAGE_URL ""
| #define PACKAGE "wiredtiger"
| #define VERSION "3.2.2"
| #define STDC_HEADERS 1
| #define HAVE_SYS_TYPES_H 1
| #define HAVE_SYS_STAT_H 1
| #define HAVE_STDLIB_H 1
| #define HAVE_STRING_H 1
| #define HAVE_MEMORY_H 1
| #define HAVE_STRINGS_H 1
| #define HAVE_INTTYPES_H 1
| #define HAVE_STDINT_H 1
| #define HAVE_UNISTD_H 1
| #define HAVE_DLFCN_H 1
| #define LT_OBJDIR ".libs/"
| #define SPINLOCK_TYPE SPINLOCK_PTHREAD_MUTEX
| /* end confdefs.h.  */
| 
| #include <sys/types.h>
| #include <inttypes.h>
| #include <stdarg.h>
| #include <stdbool.h>
| #include <stdint.h>
| #include <stdio.h>
| 
| int
| main ()
| {
| if (sizeof ((FILE *)))
| 	    return 0;
|   ;
|   return 0;
| }
configure:18480: result: yes
configure:18489: checking for pid_t
configure:18489: cc -c -O3 -g  conftest.c >&5
configure:18489: $? = 0
configure:18489: cc -c -O3 -g  conftest.c >&5
conftest.c: In function 'main':
conftest.c:35:20: error: expected expression before ')' token
 if (sizeof ((pid_t)))
                    ^
configure:18489: $? = 1
configure: failed program was:
| /* confdefs.h */
| #define PACKAGE_NAME "WiredTiger"
| #define PACKAGE_TARNAME "wiredtiger"
| #define PACKAGE_VERSION "3.2.2"
| #define PACKAGE_STRING "WiredTiger 3.2.2"
| #define PACKAGE_BUGREPORT "support@wiredtiger.com"
| #define PACKAGE_URL ""
| #define PACKAGE "wiredtiger"
| #define VERSION "3.2.2"
| #define STDC_HEADERS 1
| #define HAVE_SYS_TYPES_H 1
| #define HAVE_SYS_STAT_H 1
| #define HAVE_STDLIB_H 1
| #define HAVE_STRING_H 1
| #define HAVE_MEMORY_H 1
| #define HAVE_STRINGS_H 1
| #define HAVE_INTTYPES_H 1
| #define HAVE_STDINT_H 1
| #define HAVE_UNISTD_H 1
| #define HAVE_DLFCN_H 1
| #define LT_OBJDIR ".libs/"
| #define SPINLOCK_TYPE SPINLOCK_PTHREAD_MUTEX
| /* end confdefs.h.  */
| 
| #include <sys/types.h>
| #include <inttypes.h>
| #include <stdarg.h>
| #include <stdbool.h>
| #include <stdint.h>
| #include <stdio.h>
| 
| int
| main ()
| {
| if (sizeof ((pid_t)))
| 	    return 0;
|   ;
|   return 0;
| }
configure:18489: result: yes
configure:18498: checking for size_t
configure:18498: cc -c -O3 -g  conftest.c >&5
configure:18498: $? = 0
configure:18498: cc -c -O3 -g  conftest.c >&5
conftest.c: In function 'main':
conftest.c:35:21: error: expected expression before ')' token
 if (sizeof ((size_t)))
                     ^
configure:18498: $? = 1
configure: failed program was:
| /* confdefs.h */
| #define PACKAGE_NAME "WiredTiger"
| #define PACKAGE_TARNAME "wiredtiger"
| #define PACKAGE_VERSION "3.2.2"
| #define PACKAGE_STRING "WiredTiger 3.2.2"
| #define PACKAGE_BUGREPORT "support@wiredtiger.com"
| #define PACKAGE_URL ""
| #define PACKAGE "wiredtiger"
| #define VERSION "3.2.2"
| #define STDC_HEADERS 1
| #define HAVE_SYS_TYPES_H 1
| #define HAVE_SYS_STAT_H 1
| #define HAVE_STDLIB_H 1
| #define HAVE_STRING_H 1
| #define HAVE_MEMORY_H 1
| #define HAVE_STRINGS_H 1
| #define HAVE_INTTYPES_H 1
| #define HAVE_STDINT_H 1
| #define HAVE_UNISTD_H 1
| #define HAVE_DLFCN_H 1
| #define LT_OBJDIR ".libs/"
| #define SPINLOCK_TYPE SPINLOCK_PTHREAD_MUTEX
| /* end confdefs.h.  */
| 
| #include <sys/types.h>
| #include <inttypes.h>
| #include <stdarg.h>
| #include <stdbool.h>
| #include <stdint.h>
| #include <stdio.h>
| 
| int
| main ()
| {
| if (sizeof ((size_t)))
| 	    return 0;
|   ;
|   return 0;
| }
configure:18498: result: yes
configure:18507: checking for ssize_t
configure:18507: cc -c -O3 -g  conftest.c >&5
configure:18507: $? = 0
configure:18507: cc -c -O3 -g  conftest.c >&5
conftest.c: In function 'main':
conftest.c:35:22: error: expected expression before ')' token
 if (sizeof ((ssize_t)))
                      ^
configure:18507: $? = 1
configure: failed program was:
| /* confdefs.h */
| #define PACKAGE_NAME "WiredTiger"
| #define PACKAGE_TARNAME "wiredtiger"
| #define PACKAGE_VERSION "3.2.2"
| #define PACKAGE_STRING "WiredTiger 3.2.2"
| #define PACKAGE_BUGREPORT "support@wiredtiger.com"
| #define PACKAGE_URL ""
| #define PACKAGE "wiredtiger"
| #define VERSION "3.2.2"
| #define STDC_HEADERS 1
| #define HAVE_SYS_TYPES_H 1
| #define HAVE_SYS_STAT_H 1
| #define HAVE_STDLIB_H 1
| #define HAVE_STRING_H 1
| #define HAVE_MEMORY_H 1
| #define HAVE_STRINGS_H 1
| #define HAVE_INTTYPES_H 1
| #define HAVE_STDINT_H 1
| #define HAVE_UNISTD_H 1
| #define HAVE_DLFCN_H 1
| #define LT_OBJDIR ".libs/"
| #define SPINLOCK_TYPE SPINLOCK_PTHREAD_MUTEX
| /* end confdefs.h.  */
| 
| #include <sys/types.h>
| #include <inttypes.h>
| #include <stdarg.h>
| #include <stdbool.h>
| #include <stdint.h>
| #include <stdio.h>
| 
| int
| main ()
| {
| if (sizeof ((ssize_t)))
| 	    return 0;
|   ;
|   return 0;
| }
configure:18507: result: yes
configure:18516: checking for time_t
configure:18516: cc -c -O3 -g  conftest.c >&5
configure:18516: $? = 0
configure:18516: cc -c -O3 -g  conftest.c >&5
conftest.c: In function 'main':
conftest.c:35:21: error: expected expression before ')' token
 if (sizeof ((time_t)))
                     ^
configure:18516: $? = 1
configure: failed program was:
| /* confdefs.h */
| #define PACKAGE_NAME "WiredTiger"
| #define PACKAGE_TARNAME "wiredtiger"
| #define PACKAGE_VERSION "3.2.2"
| #define PACKAGE_STRING "WiredTiger 3.2.2"
| #define PACKAGE_BUGREPORT "support@wiredtiger.com"
| #define PACKAGE_URL ""
| #define PACKAGE "wiredtiger"
| #define VERSION "3.2.2"
| #define STDC_HEADERS 1
| #define HAVE_SYS_TYPES_H 1
| #define HAVE_SYS_STAT_H 1
| #define HAVE_STDLIB_H 1
| #define HAVE_STRING_H 1
| #define HAVE_MEMORY_H 1
| #define HAVE_STRINGS_H 1
| #define HAVE_INTTYPES_H 1
| #define HAVE_STDINT_H 1
| #define HAVE_UNISTD_H 1
| #define HAVE_DLFCN_H 1
| #define LT_OBJDIR ".libs/"
| #define SPINLOCK_TYPE SPINLOCK_PTHREAD_MUTEX
| /* end confdefs.h.  */
| 
| #include <sys/types.h>
| #include <inttypes.h>
| #include <stdarg.h>
| #include <stdbool.h>
| #include <stdint.h>
| #include <stdio.h>
| 
| int
| main ()
| {
| if (sizeof ((time_t)))
| 	    return 0;
|   ;
|   return 0;
| }
configure:18516: result: yes
configure:18528: checking for off_t
configure:18528: cc -c -O3 -g  conftest.c >&5
configure:18528: $? = 0
configure:18528: cc -c -O3 -g  conftest.c >&5
conftest.c: In function 'main':
conftest.c:35:20: error: expected expression before ')' token
 if (sizeof ((off_t)))
                    ^
configure:18528: $? = 1
configure: failed program was:
| /* confdefs.h */
| #define PACKAGE_NAME "WiredTiger"
| #define PACKAGE_TARNAME "wiredtiger"
| #define PACKAGE_VERSION "3.2.2"
| #define PACKAGE_STRING "WiredTiger 3.2.2"
| #define PACKAGE_BUGREPORT "support@wiredtiger.com"
| #define PACKAGE_URL ""
| #define PACKAGE "wiredtiger"
| #define VERSION "3.2.2"
| #define STDC_HEADERS 1
| #define HAVE_SYS_TYPES_H 1
| #define HAVE_SYS_STAT_H 1
| #define HAVE_STDLIB_H 1
| #define HAVE_STRING_H 1
| #define HAVE_MEMORY_H 1
| #define HAVE_STRINGS_H 1
| #define HAVE_INTTYPES_H 1
| #define HAVE_STDINT_H 1
| #define HAVE_UNISTD_H 1
| #define HAVE_DLFCN_H 1
| #define LT_OBJDIR ".libs/"
| #define SPINLOCK_TYPE SPINLOCK_PTHREAD_MUTEX
| /* end confdefs.h.  */
| 
| #include <sys/types.h>
| #include <inttypes.h>
| #include <stdarg.h>
| #include <stdbool.h>
| #include <stdint.h>
| #include <stdio.h>
| 
| int
| main ()
| {
| if (sizeof ((off_t)))
| 	    return 0;
|   ;
|   return 0;
| }
configure:18528: result: yes
configure:18540: checking for uintmax_t
configure:18540: cc -c -O3 -g  conftest.c >&5
configure:18540: $? = 0
configure:18540: cc -c -O3 -g  conftest.c >&5
conftest.c: In function 'main':
conftest.c:60:24: error: expected expression before ')' token
 if (sizeof ((uintmax_t)))
                        ^
configure:18540: $? = 1
configure: failed program was:
| /* confdefs.h */
| #define PACKAGE_NAME "WiredTiger"
| #define PACKAGE_TARNAME "wiredtiger"
| #define PACKAGE_VERSION "3.2.2"
| #define PACKAGE_STRING "WiredTiger 3.2.2"
| #define PACKAGE_BUGREPORT "support@wiredtiger.com"
| #define PACKAGE_URL ""
| #define PACKAGE "wiredtiger"
| #define VERSION "3.2.2"
| #define STDC_HEADERS 1
| #define HAVE_SYS_TYPES_H 1
| #define HAVE_SYS_STAT_H 1
| #define HAVE_STDLIB_H 1
| #define HAVE_STRING_H 1
| #define HAVE_MEMORY_H 1
| #define HAVE_STRINGS_H 1
| #define HAVE_INTTYPES_H 1
| #define HAVE_STDINT_H 1
| #define HAVE_UNISTD_H 1
| #define HAVE_DLFCN_H 1
| #define LT_OBJDIR ".libs/"
| #define SPINLOCK_TYPE SPINLOCK_PTHREAD_MUTEX
| /* end confdefs.h.  */
| #include <stdio.h>
| #ifdef HAVE_SYS_TYPES_H
| # include <sys/types.h>
| #endif
| #ifdef HAVE_SYS_STAT_H
| # include <sys/stat.h>
| #endif
| #ifdef STDC_HEADERS
| # include <stdlib.h>
| # include <stddef.h>
| #else
| # ifdef HAVE_STDLIB_H
| #  include <stdlib.h>
| # endif
| #endif
| #ifdef HAVE_STRING_H
| # if !defined STDC_HEADERS && defined HAVE_MEMORY_H
| #  include <memory.h>
| # endif
| # include <string.h>
| #endif
| #ifdef HAVE_STRINGS_H
| # include <strings.h>
| #endif
| #ifdef HAVE_INTTYPES_H
| # include <inttypes.h>
| #endif
| #ifdef HAVE_STDINT_H
| # include <stdint.h>
| #endif
| #ifdef HAVE_UNISTD_H
| # include <unistd.h>
| #endif
| int
| main ()
| {
| if (sizeof ((uintmax_t)))
| 	    return 0;
|   ;
|   return 0;
| }
configure:18540: result: yes
configure:18556: checking for uintptr_t
configure:18556: cc -c -O3 -g  conftest.c >&5
configure:18556: $? = 0
configure:18556: cc -c -O3 -g  conftest.c >&5
conftest.c: In function 'main':
conftest.c:35:24: error: expected expression before ')' token
 if (sizeof ((uintptr_t)))
                        ^
configure:18556: $? = 1
configure: failed program was:
| /* confdefs.h */
| #define PACKAGE_NAME "WiredTiger"
| #define PACKAGE_TARNAME "wiredtiger"
| #define PACKAGE_VERSION "3.2.2"
| #define PACKAGE_STRING "WiredTiger 3.2.2"
| #define PACKAGE_BUGREPORT "support@wiredtiger.com"
| #define PACKAGE_URL ""
| #define PACKAGE "wiredtiger"
| #define VERSION "3.2.2"
| #define STDC_HEADERS 1
| #define HAVE_SYS_TYPES_H 1
| #define HAVE_SYS_STAT_H 1
| #define HAVE_STDLIB_H 1
| #define HAVE_STRING_H 1
| #define HAVE_MEMORY_H 1
| #define HAVE_STRINGS_H 1
| #define HAVE_INTTYPES_H 1
| #define HAVE_STDINT_H 1
| #define HAVE_UNISTD_H 1
| #define HAVE_DLFCN_H 1
| #define LT_OBJDIR ".libs/"
| #define SPINLOCK_TYPE SPINLOCK_PTHREAD_MUTEX
| /* end confdefs.h.  */
| 
| #include <sys/types.h>
| #include <inttypes.h>
| #include <stdarg.h>
| #include <stdbool.h>
| #include <stdint.h>
| #include <stdio.h>
| 
| int
| main ()
| {
| if (sizeof ((uintptr_t)))
| 	    return 0;
|   ;
|   return 0;
| }
configure:18556: result: yes
configure:18570: checking x86intrin.h usability
configure:18570: cc -c -O3 -g  conftest.c >&5
configure:18570: $? = 0
configure:18570: result: yes
configure:18570: checking x86intrin.h presence
configure:18570: cc -E  conftest.c
configure:18570: $? = 0
configure:18570: result: yes
configure:18570: checking for x86intrin.h
configure:18570: result: yes
configure:18580: checking for pthread_create in -lpthread
configure:18605: cc -o conftest -O3 -g   conftest.c -lpthread   >&5
configure:18605: $? = 0
configure:18614: result: yes
configure:18625: checking for dlopen in -ldl
configure:18650: cc -o conftest -O3 -g   conftest.c -ldl  -lpthread  >&5
configure:18650: $? = 0
configure:18659: result: yes
configure:18670: checking for sched_yield in -lrt
configure:18695: cc -o conftest -O3 -g   conftest.c -lrt  -ldl -lpthread  >&5
configure:18695: $? = 0
configure:18704: result: yes
configure:18721: checking for clock_gettime
configure:18721: cc -o conftest -O3 -g   conftest.c -lrt -ldl -lpthread  >&5
configure:18721: $? = 0
configure:18721: result: yes
configure:18721: checking for fallocate
configure:18721: cc -o conftest -O3 -g   conftest.c -lrt -ldl -lpthread  >&5
configure:18721: $? = 0
configure:18721: result: yes
configure:18721: checking for ftruncate
configure:18721: cc -o conftest -O3 -g   conftest.c -lrt -ldl -lpthread  >&5
configure:18721: $? = 0
configure:18721: result: yes
configure:18721: checking for gettimeofday
configure:18721: cc -o conftest -O3 -g   conftest.c -lrt -ldl -lpthread  >&5
configure:18721: $? = 0
configure:18721: result: yes
configure:18721: checking for posix_fadvise
configure:18721: cc -o conftest -O3 -g   conftest.c -lrt -ldl -lpthread  >&5
configure:18721: $? = 0
configure:18721: result: yes
configure:18721: checking for posix_fallocate
configure:18721: cc -o conftest -O3 -g   conftest.c -lrt -ldl -lpthread  >&5
configure:18721: $? = 0
configure:18721: result: yes
configure:18721: checking for posix_madvise
configure:18721: cc -o conftest -O3 -g   conftest.c -lrt -ldl -lpthread  >&5
configure:18721: $? = 0
configure:18721: result: yes
configure:18721: checking for strtouq
configure:18721: cc -o conftest -O3 -g   conftest.c -lrt -ldl -lpthread  >&5
configure:18721: $? = 0
configure:18721: result: yes
configure:18721: checking for sync_file_range
configure:18721: cc -o conftest -O3 -g   conftest.c -lrt -ldl -lpthread  >&5
configure:18721: $? = 0
configure:18721: result: yes
configure:18721: checking for timer_create
configure:18721: cc -o conftest -O3 -g   conftest.c -lrt -ldl -lpthread  >&5
configure:18721: $? = 0
configure:18721: result: yes
configure:18738: checking for fdatasync
configure:18738: cc -o conftest -O3 -g   conftest.c -lrt -ldl -lpthread  >&5
configure:18738: $? = 0
configure:18738: result: yes
configure:18751: checking for working posix_memalign
configure:18775: cc -o conftest -O3 -g   conftest.c -lrt -ldl -lpthread  >&5
configure:18775: $? = 0
configure:18775: ./conftest
configure:18775: $? = 0
configure:18785: result: yes
configure:18795: checking for condition waits with monotonic clock support
configure:18832: cc -o conftest -O3 -g   conftest.c -lrt -ldl -lpthread  >&5
configure:18832: $? = 0
configure:18832: ./conftest
configure:18832: $? = 0
configure:18842: result: 
configure:18844: result: yes
configure:18859: checking for special C compiler options needed for large files
configure:18904: result: no
configure:18910: checking for _FILE_OFFSET_BITS value needed for large files
configure:18935: cc -c -O3 -g  conftest.c >&5
configure:18935: $? = 0
configure:18967: result: no
configure:19053: checking whether byte ordering is bigendian
configure:19068: cc -c -O3 -g  conftest.c >&5
conftest.c:42:9: error: unknown type name 'not'
         not a universal capable compiler
         ^
conftest.c:42:15: error: expected '=', ',', ';', 'asm' or '__attribute__' before 'universal'
         not a universal capable compiler
               ^
conftest.c:42:15: error: unknown type name 'universal'
configure:19068: $? = 1
configure: failed program was:
| /* confdefs.h */
| #define PACKAGE_NAME "WiredTiger"
| #define PACKAGE_TARNAME "wiredtiger"
| #define PACKAGE_VERSION "3.2.2"
| #define PACKAGE_STRING "WiredTiger 3.2.2"
| #define PACKAGE_BUGREPORT "support@wiredtiger.com"
| #define PACKAGE_URL ""
| #define PACKAGE "wiredtiger"
| #define VERSION "3.2.2"
| #define STDC_HEADERS 1
| #define HAVE_SYS_TYPES_H 1
| #define HAVE_SYS_STAT_H 1
| #define HAVE_STDLIB_H 1
| #define HAVE_STRING_H 1
| #define HAVE_MEMORY_H 1
| #define HAVE_STRINGS_H 1
| #define HAVE_INTTYPES_H 1
| #define HAVE_STDINT_H 1
| #define HAVE_UNISTD_H 1
| #define HAVE_DLFCN_H 1
| #define LT_OBJDIR ".libs/"
| #define SPINLOCK_TYPE SPINLOCK_PTHREAD_MUTEX
| #define HAVE_X86INTRIN_H 1
| #define HAVE_LIBPTHREAD 1
| #define HAVE_LIBDL 1
| #define HAVE_LIBRT 1
| #define HAVE_CLOCK_GETTIME 1
| #define HAVE_FALLOCATE 1
| #define HAVE_FTRUNCATE 1
| #define HAVE_GETTIMEOFDAY 1
| #define HAVE_POSIX_FADVISE 1
| #define HAVE_POSIX_FALLOCATE 1
| #define HAVE_POSIX_MADVISE 1
| #define HAVE_STRTOUQ 1
| #define HAVE_SYNC_FILE_RANGE 1
| #define HAVE_TIMER_CREATE 1
| #define HAVE_FDATASYNC 1
| #define HAVE_POSIX_MEMALIGN 1
| #define HAVE_PTHREAD_COND_MONOTONIC 1
| /* end confdefs.h.  */
| #ifndef __APPLE_CC__
| 	       not a universal capable compiler
| 	     #endif
| 	     typedef int dummy;
| 
configure:19113: cc -c -O3 -g  conftest.c >&5
configure:19113: $? = 0
configure:19131: cc -c -O3 -g  conftest.c >&5
conftest.c: In function 'main':
conftest.c:48:4: error: unknown type name 'not'
    not big endian
    ^
conftest.c:48:12: error: expected '=', ',', ';', 'asm' or '__attribute__' before 'endian'
    not big endian
            ^
configure:19131: $? = 1
configure: failed program was:
| /* confdefs.h */
| #define PACKAGE_NAME "WiredTiger"
| #define PACKAGE_TARNAME "wiredtiger"
| #define PACKAGE_VERSION "3.2.2"
| #define PACKAGE_STRING "WiredTiger 3.2.2"
| #define PACKAGE_BUGREPORT "support@wiredtiger.com"
| #define PACKAGE_URL ""
| #define PACKAGE "wiredtiger"
| #define VERSION "3.2.2"
| #define STDC_HEADERS 1
| #define HAVE_SYS_TYPES_H 1
| #define HAVE_SYS_STAT_H 1
| #define HAVE_STDLIB_H 1
| #define HAVE_STRING_H 1
| #define HAVE_MEMORY_H 1
| #define HAVE_STRINGS_H 1
| #define HAVE_INTTYPES_H 1
| #define HAVE_STDINT_H 1
| #define HAVE_UNISTD_H 1
| #define HAVE_DLFCN_H 1
| #define LT_OBJDIR ".libs/"
| #define SPINLOCK_TYPE SPINLOCK_PTHREAD_MUTEX
| #define HAVE_X86INTRIN_H 1
| #define HAVE_LIBPTHREAD 1
| #define HAVE_LIBDL 1
| #define HAVE_LIBRT 1
| #define HAVE_CLOCK_GETTIME 1
| #define HAVE_FALLOCATE 1
| #define HAVE_FTRUNCATE 1
| #define HAVE_GETTIMEOFDAY 1
| #define HAVE_POSIX_FADVISE 1
| #define HAVE_POSIX_FALLOCATE 1
| #define HAVE_POSIX_MADVISE 1
| #define HAVE_STRTOUQ 1
| #define HAVE_SYNC_FILE_RANGE 1
| #define HAVE_TIMER_CREATE 1
| #define HAVE_FDATASYNC 1
| #define HAVE_POSIX_MEMALIGN 1
| #define HAVE_PTHREAD_COND_MONOTONIC 1
| /* end confdefs.h.  */
| #include <sys/types.h>
| 		#include <sys/param.h>
| 
| int
| main ()
| {
| #if BYTE_ORDER != BIG_ENDIAN
| 		 not big endian
| 		#endif
| 
|   ;
|   return 0;
| }
configure:19259: result: no
configure:19278: checking for a 64-bit build
configure:19280: cc -o conftest -O3 -g   conftest.c -lrt -ldl -lpthread  >&5
configure:19280: $? = 0
configure:19280: ./conftest
configure:19280: $? = 0
configure:19287: result: yes
configure:19547: checking that generated files are newer than configure
configure:19553: result: done
configure:19661: creating ./config.status

## ---------------------- ##
## Running config.status. ##
## ---------------------- ##

This file was extended by WiredTiger config.status 3.2.2, which was
generated by GNU Autoconf 2.69.  Invocation command line was

  CONFIG_FILES    = 
  CONFIG_HEADERS  = 
  CONFIG_LINKS    = 
  CONFIG_COMMANDS = 
  $ ./config.status 

on liger

config.status:1290: creating ext/collators/reverse/Makefile
config.status:1290: creating ext/collators/revint/Makefile
config.status:1290: creating ext/compressors/lz4/Makefile
config.status:1290: creating ext/compressors/nop/Makefile
config.status:1290: creating ext/compressors/snappy/Makefile
config.status:1290: creating ext/compressors/zlib/Makefile
config.status:1290: creating ext/compressors/zstd/Makefile
config.status:1290: creating ext/encryptors/nop/Makefile
config.status:1290: creating ext/encryptors/rotn/Makefile
config.status:1290: creating ext/extractors/csv/Makefile
config.status:1290: creating ext/test/fail_fs/Makefile
config.status:1290: creating lang/java/Makefile
config.status:1290: creating lang/python/Makefile
config.status:1290: creating test/utility/Makefile
config.status:1290: creating examples/c/Makefile
config.status:1290: creating examples/java/Makefile
config.status:1290: creating test/bloom/Makefile
config.status:1290: creating test/checkpoint/Makefile
config.status:1290: creating test/csuite/Makefile
config.status:1290: creating test/cursor_order/Makefile
config.status:1290: creating test/fops/Makefile
config.status:1290: creating test/format/Makefile
config.status:1290: creating test/huge/Makefile
config.status:1290: creating test/manydbs/Makefile
config.status:1290: creating test/packing/Makefile
config.status:1290: creating test/readonly/Makefile
config.status:1290: creating test/salvage/Makefile
config.status:1290: creating test/syscall/Makefile
config.status:1290: creating test/thread/Makefile
config.status:1290: creating bench/workgen/Makefile
config.status:1290: creating bench/wtperf/Makefile
config.status:1290: creating Makefile
config.status:1290: creating wiredtiger.h
config.status:1290: creating wiredtiger_ext.h
config.status:1290: creating wiredtiger.pc
config.status:1290: creating wiredtiger_config.h
config.status:1504: executing depfiles commands
config.status:1504: executing libtool commands

## ---------------- ##
## Cache variables. ##
## ---------------- ##

ac_cv_build=x86_64-pc-linux-gnu
ac_cv_c_bigendian=no
ac_cv_c_compiler_gnu=yes
ac_cv_cxx_compiler_gnu=yes
ac_cv_env_CCASFLAGS_set=
ac_cv_env_CCASFLAGS_value=
ac_cv_env_CCAS_set=
ac_cv_env_CCAS_value=
ac_cv_env_CCC_set=
ac_cv_env_CCC_value=
ac_cv_env_CC_set=
ac_cv_env_CC_value=
ac_cv_env_CFLAGS_set=
ac_cv_env_CFLAGS_value=
ac_cv_env_CPPFLAGS_set=
ac_cv_env_CPPFLAGS_value=
ac_cv_env_CPP_set=
ac_cv_env_CPP_value=
ac_cv_env_CXXCPP_set=
ac_cv_env_CXXCPP_value=
ac_cv_env_CXXFLAGS_set=
ac_cv_env_CXXFLAGS_value=
ac_cv_env_CXX_set=
ac_cv_env_CXX_value=
ac_cv_env_LDFLAGS_set=
ac_cv_env_LDFLAGS_value=
ac_cv_env_LIBS_set=
ac_cv_env_LIBS_value=
ac_cv_env_LT_SYS_LIBRARY_PATH_set=
ac_cv_env_LT_SYS_LIBRARY_PATH_value=
ac_cv_env_PYTHON_set=
ac_cv_env_PYTHON_value=
ac_cv_env_build_alias_set=
ac_cv_env_build_alias_value=
ac_cv_env_host_alias_set=
ac_cv_env_host_alias_value=
ac_cv_env_target_alias_set=
ac_cv_env_target_alias_value=
ac_cv_func_clock_gettime=yes
ac_cv_func_fallocate=yes
ac_cv_func_fdatasync=yes
ac_cv_func_ftruncate=yes
ac_cv_func_gettimeofday=yes
ac_cv_func_posix_fadvise=yes
ac_cv_func_posix_fallocate=yes
ac_cv_func_posix_madvise=yes
ac_cv_func_strtouq=yes
ac_cv_func_sync_file_range=yes
ac_cv_func_timer_create=yes
ac_cv_header_dlfcn_h=yes
ac_cv_header_inttypes_h=yes
ac_cv_header_memory_h=yes
ac_cv_header_stdc=yes
ac_cv_header_stdint_h=yes
ac_cv_header_stdlib_h=yes
ac_cv_header_string_h=yes
ac_cv_header_strings_h=yes
ac_cv_header_sys_stat_h=yes
ac_cv_header_sys_types_h=yes
ac_cv_header_unistd_h=yes
ac_cv_header_x86intrin_h=yes
ac_cv_host=x86_64-pc-linux-gnu
ac_cv_lib_dl_dlopen=yes
ac_cv_lib_pthread_pthread_create=yes
ac_cv_lib_rt_sched_yield=yes
ac_cv_objext=o
ac_cv_path_EGREP='/bin/grep -E'
ac_cv_path_FGREP='/bin/grep -F'
ac_cv_path_GREP=/bin/grep
ac_cv_path_SED=/bin/sed
ac_cv_path_install='/usr/bin/install -c'
ac_cv_path_lt_DD=/bin/dd
ac_cv_path_mkdir=/bin/mkdir
ac_cv_prog_AWK=gawk
ac_cv_prog_CPP='cc -E'
ac_cv_prog_CXXCPP='c++ -E'
ac_cv_prog_ac_ct_AR=ar
ac_cv_prog_ac_ct_CC=cc
ac_cv_prog_ac_ct_CXX=c++
ac_cv_prog_ac_ct_MANIFEST_TOOL=mt
ac_cv_prog_ac_ct_OBJDUMP=objdump
ac_cv_prog_ac_ct_RANLIB=ranlib
ac_cv_prog_ac_ct_STRIP=strip
ac_cv_prog_cc_c89=
ac_cv_prog_cc_g=yes
ac_cv_prog_cxx_g=yes
ac_cv_prog_make_make_set=yes
ac_cv_sizeof_void_p=8
ac_cv_sys_file_offset_bits=no
ac_cv_sys_largefile_CC=no
ac_cv_type_FILE_p=yes
ac_cv_type_off_t=yes
ac_cv_type_pid_t=yes
ac_cv_type_size_t=yes
ac_cv_type_ssize_t=yes
ac_cv_type_time_t=yes
ac_cv_type_uintmax_t=yes
ac_cv_type_uintptr_t=yes
am_cv_CCAS_dependencies_compiler_type=gcc3
am_cv_CC_dependencies_compiler_type=gcc3
am_cv_CXX_dependencies_compiler_type=gcc3
am_cv_make_support_nested_variables=yes
am_cv_prog_cc_c_o=yes
ax_cv_check_cflags___std_c11=yes
ax_cv_func_posix_memalign_works=yes
lt_cv_ar_at_file=@
lt_cv_archive_cmds_need_lc=no
lt_cv_deplibs_check_method=pass_all
lt_cv_file_magic_cmd='$MAGIC_CMD'
lt_cv_file_magic_test_file=
lt_cv_ld_reload_flag=-r
lt_cv_nm_interface='BSD nm'
lt_cv_objdir=.libs
lt_cv_path_LD=/usr/bin/ld
lt_cv_path_LDCXX='/usr/bin/ld -m elf_x86_64'
lt_cv_path_NM='/usr/bin/nm -B'
lt_cv_path_mainfest_tool=no
lt_cv_prog_compiler_c_o=yes
lt_cv_prog_compiler_c_o_CXX=yes
lt_cv_prog_compiler_pic='-fPIC -DPIC'
lt_cv_prog_compiler_pic_CXX='-fPIC -DPIC'
lt_cv_prog_compiler_pic_works=yes
lt_cv_prog_compiler_pic_works_CXX=yes
lt_cv_prog_compiler_rtti_exceptions=no
lt_cv_prog_compiler_static_works=yes
lt_cv_prog_compiler_static_works_CXX=yes
lt_cv_prog_gnu_ld=yes
lt_cv_prog_gnu_ldcxx=yes
lt_cv_sharedlib_from_linklib_cmd='printf %s\n'
lt_cv_shlibpath_overrides_runpath=yes
lt_cv_sys_global_symbol_pipe='sed -n -e '\''s/^.*[	 ]\([ABCDGIRSTW][ABCDGIRSTW]*\)[	 ][	 ]*\([_A-Za-z][_A-Za-z0-9]*\)$/\1 \2 \2/p'\'' | sed '\''/ __gnu_lto/d'\'''
lt_cv_sys_global_symbol_to_c_name_address='sed -n -e '\''s/^: \(.*\) .*$/  {"\1", (void *) 0},/p'\'' -e '\''s/^[ABCDGIRSTW][ABCDGIRSTW]* .* \(.*\)$/  {"\1", (void *) \&\1},/p'\'''
lt_cv_sys_global_symbol_to_c_name_address_lib_prefix='sed -n -e '\''s/^: \(.*\) .*$/  {"\1", (void *) 0},/p'\'' -e '\''s/^[ABCDGIRSTW][ABCDGIRSTW]* .* \(lib.*\)$/  {"\1", (void *) \&\1},/p'\'' -e '\''s/^[ABCDGIRSTW][ABCDGIRSTW]* .* \(.*\)$/  {"lib\1", (void *) \&\1},/p'\'''
lt_cv_sys_global_symbol_to_cdecl='sed -n -e '\''s/^T .* \(.*\)$/extern int \1();/p'\'' -e '\''s/^[ABCDGIRSTW][ABCDGIRSTW]* .* \(.*\)$/extern char \1;/p'\'''
lt_cv_sys_global_symbol_to_import=
lt_cv_sys_max_cmd_len=1572864
lt_cv_to_host_file_cmd=func_convert_file_noop
lt_cv_to_tool_file_cmd=func_convert_file_noop
lt_cv_truncate_bin='/bin/dd bs=4096 count=1'
wt_cv_arm64=no
wt_cv_crc32_hardware=yes
wt_cv_docs_exist=yes
wt_cv_enable_attach=no
wt_cv_enable_diagnostic=no
wt_cv_enable_java=no
wt_cv_enable_lz4=no
wt_cv_enable_page_version_ts=no
wt_cv_enable_python=no
wt_cv_enable_snappy=no
wt_cv_enable_strict=no
wt_cv_enable_tcmalloc=no
wt_cv_enable_zlib=no
wt_cv_enable_zstd=no
wt_cv_mips64el=no
wt_cv_powerpc=no
wt_cv_prog_cxx_works=yes
wt_cv_solaris=no
wt_cv_x86=yes
wt_cv_zseries=no

## ----------------- ##
## Output variables. ##
## ----------------- ##

#include <inttypes.h>
#include <stdarg.h>
#include <stdbool.h>
#include <stdint.h>
#include <stdio.h>'
#include <sys/types.h>
ACLOCAL='${SHELL} /mnt/data0/hbokhari/work/wiredtiger/build_posix/gnu-support/missing aclocal-1.15'
AMDEPBACKSLASH='\'
AMDEP_FALSE='#'
AMDEP_TRUE=''
AMTAR='$${TAR-tar}'
AM_BACKSLASH='\'
AM_CFLAGS=' -std=c11 -D_GNU_SOURCE'
AM_DEFAULT_V='$(AM_DEFAULT_VERBOSITY)'
AM_DEFAULT_VERBOSITY='1'
AM_LIBTOOLFLAGS=''
AM_V='$(V)'
AR='ar'
ARM64_HOST_FALSE=''
ARM64_HOST_TRUE='#'
AUTOCONF='${SHELL} /mnt/data0/hbokhari/work/wiredtiger/build_posix/gnu-support/missing autoconf'
AUTOHEADER='${SHELL} /mnt/data0/hbokhari/work/wiredtiger/build_posix/gnu-support/missing autoheader'
AUTOMAKE='${SHELL} /mnt/data0/hbokhari/work/wiredtiger/build_posix/gnu-support/missing automake-1.15'
AWK='gawk'
CC='cc'
CCAS='cc'
CCASDEPMODE='depmode=gcc3'
CCASFLAGS='-O3 -g'
CCDEPMODE='depmode=gcc3'
CFLAGS='-O3 -g'
CPP='cc -E'
CPPFLAGS=''
CXX='c++'
CXXCPP='c++ -E'
CXXDEPMODE='depmode=gcc3'
CXXFLAGS='-O3 -g'
CYGPATH_W='echo'
DEFS='-DHAVE_CONFIG_H'
DEPDIR='.deps'
DLLTOOL='false'
DOXYGEN=''
DSYMUTIL=''
DUMPBIN=''
ECHO_C=''
ECHO_N='-n'
ECHO_T=''
EGREP='/bin/grep -E'
EXEEXT=''
FGREP='/bin/grep -F'
FILE_t_decl=''
GREP='/bin/grep'
HAVE_BUILTIN_EXTENSION_LZ4_FALSE=''
HAVE_BUILTIN_EXTENSION_LZ4_TRUE='#'
HAVE_BUILTIN_EXTENSION_SNAPPY_FALSE=''
HAVE_BUILTIN_EXTENSION_SNAPPY_TRUE='#'
HAVE_BUILTIN_EXTENSION_ZLIB_FALSE=''
HAVE_BUILTIN_EXTENSION_ZLIB_TRUE='#'
HAVE_BUILTIN_EXTENSION_ZSTD_FALSE=''
HAVE_BUILTIN_EXTENSION_ZSTD_TRUE='#'
HAVE_CXX_FALSE='#'
HAVE_CXX_TRUE=''
INSTALL_DATA='${INSTALL} -m 644'
INSTALL_PROGRAM='${INSTALL}'
INSTALL_SCRIPT='${INSTALL}'
INSTALL_STRIP_PROGRAM='$(install_sh) -c -s'
JAR=''
JAVA=''
JAVAC=''
JAVA_FALSE=''
JAVA_JUNIT=''
JAVA_TRUE='#'
JNI_CPPFLAGS=''
JUNIT=''
LD='/usr/bin/ld -m elf_x86_64'
LDFLAGS=''
LIBOBJS=''
LIBS='-lrt -ldl -lpthread '
LIBTOOL='$(SHELL) $(top_builddir)/libtool'
LIBTOOL_DEPS='../build_posix/gnu-support/ltmain.sh'
LIPO=''
LN_S='ln -s'
LTLIBOBJS=''
LT_SYS_LIBRARY_PATH=''
LZ4_FALSE=''
LZ4_TRUE='#'
MAKEINFO='${SHELL} /mnt/data0/hbokhari/work/wiredtiger/build_posix/gnu-support/missing makeinfo'
MAN1_PAGES='../docs/man/man1/wt.1'
MAN3_PAGES='../docs/man/man3/wiredtiger.3'
MANIFEST_TOOL=':'
MIPS64EL_HOST_FALSE=''
MIPS64EL_HOST_TRUE='#'
MKDIR_P='/bin/mkdir -p'
NM='/usr/bin/nm -B'
NMEDIT=''
OBJDUMP='objdump'
OBJEXT='o'
OTOOL64=''
OTOOL=''
PACKAGE='wiredtiger'
PACKAGE_BUGREPORT='support@wiredtiger.com'
PACKAGE_NAME='WiredTiger'
PACKAGE_STRING='WiredTiger 3.2.2'
PACKAGE_TARNAME='wiredtiger'
PACKAGE_URL=''
PACKAGE_VERSION='3.2.2'
PATH_SEPARATOR=':'
POSIX_HOST_FALSE='#'
POSIX_HOST_TRUE=''
POWERPC_HOST_FALSE=''
POWERPC_HOST_TRUE='#'
PYTHON=''
PYTHON_EXEC_PREFIX=''
PYTHON_FALSE=''
PYTHON_INSTALL_ARG=''
PYTHON_PLATFORM=''
PYTHON_PREFIX=''
PYTHON_TRUE='#'
PYTHON_VERSION=''
RANLIB='ranlib'
SED='/bin/sed'
SET_MAKE=''
SHELL='/bin/bash'
SNAPPY_FALSE=''
SNAPPY_TRUE='#'
STRIP='strip'
SWIG=''
SWIG_LIB=''
TCMalloc_FALSE=''
TCMalloc_TRUE='#'
TESTS_JUNIT=''
UUDECODE=''
VERSION='3.2.2'
VERSION_MAJOR='3'
VERSION_MINOR='2'
VERSION_NOPATCH='3.2'
VERSION_PATCH='2'
VERSION_STRING='"WiredTiger 3.2.2: (August 28, 2019)"'
WINDOWS_HOST_FALSE=''
WINDOWS_HOST_TRUE='#'
X86_HOST_FALSE='#'
X86_HOST_TRUE=''
ZLIB_FALSE=''
ZLIB_TRUE='#'
ZSERIES_HOST_FALSE=''
ZSERIES_HOST_TRUE='#'
ZSTD_FALSE=''
ZSTD_TRUE='#'
_ACJNI_JAVAC=''
ac_ct_AR='ar'
ac_ct_CC='cc'
ac_ct_CXX='c++'
ac_ct_DUMPBIN=''
am__EXEEXT_FALSE=''
am__EXEEXT_TRUE='#'
am__fastdepCCAS_FALSE='#'
am__fastdepCCAS_TRUE=''
am__fastdepCC_FALSE='#'
am__fastdepCC_TRUE=''
am__fastdepCXX_FALSE='#'
am__fastdepCXX_TRUE=''
am__include='include'
am__isrc=' -I$(srcdir)'
am__leading_dot='.'
am__nodep='_no'
am__quote=''
am__tar='$${TAR-tar} chof - "$$tardir"'
am__untar='$${TAR-tar} xf -'
bindir='${exec_prefix}/bin'
build='x86_64-pc-linux-gnu'
build_alias=''
build_cpu='x86_64'
build_os='linux-gnu'
build_vendor='pc'
datadir='${datarootdir}'
datarootdir='${prefix}/share'
docdir='${datarootdir}/doc/${PACKAGE_TARNAME}'
dvidir='${docdir}'
exec_prefix='${prefix}'
host='x86_64-pc-linux-gnu'
host_alias=''
host_cpu='x86_64'
host_os='linux-gnu'
host_vendor='pc'
htmldir='${docdir}'
includedir='${prefix}/include'
infodir='${datarootdir}/info'
install_sh='${SHELL} /mnt/data0/hbokhari/work/wiredtiger/build_posix/gnu-support/install-sh'
libdir='${exec_prefix}/lib'
libexecdir='${exec_prefix}/libexec'
localedir='${datarootdir}/locale'
localstatedir='${prefix}/var'
mandir='${datarootdir}/man'
mkdir_p='$(MKDIR_P)'
off_t_decl='typedef off_t wt_off_t;'
oldincludedir='/usr/include'
pdfdir='${docdir}'
pid_t_decl=''
pkgpyexecdir=''
pkgpythondir=''
prefix='/usr/local'
program_transform_name='s,x,x,'
psdir='${docdir}'
pyexecdir=''
pythondir=''
runstatedir='${localstatedir}/run'
sbindir='${exec_prefix}/sbin'
sharedstatedir='${prefix}/com'
size_t_decl=''
ssize_t_decl=''
sysconfdir='${prefix}/etc'
target_alias=''
time_t_decl=''
uintmax_t_decl=''
uintptr_t_decl=''
wiredtiger_includes_decl='

## ----------- ##
## confdefs.h. ##
## ----------- ##

/* confdefs.h */
#define PACKAGE_NAME "WiredTiger"
#define PACKAGE_TARNAME "wiredtiger"
#define PACKAGE_VERSION "3.2.2"
#define PACKAGE_STRING "WiredTiger 3.2.2"
#define PACKAGE_BUGREPORT "support@wiredtiger.com"
#define PACKAGE_URL ""
#define PACKAGE "wiredtiger"
#define VERSION "3.2.2"
#define STDC_HEADERS 1
#define HAVE_SYS_TYPES_H 1
#define HAVE_SYS_STAT_H 1
#define HAVE_STDLIB_H 1
#define HAVE_STRING_H 1
#define HAVE_MEMORY_H 1
#define HAVE_STRINGS_H 1
#define HAVE_INTTYPES_H 1
#define HAVE_STDINT_H 1
#define HAVE_UNISTD_H 1
#define HAVE_DLFCN_H 1
#define LT_OBJDIR ".libs/"
#define SPINLOCK_TYPE SPINLOCK_PTHREAD_MUTEX
#define HAVE_X86INTRIN_H 1
#define HAVE_LIBPTHREAD 1
#define HAVE_LIBDL 1
#define HAVE_LIBRT 1
#define HAVE_CLOCK_GETTIME 1
#define HAVE_FALLOCATE 1
#define HAVE_FTRUNCATE 1
#define HAVE_GETTIMEOFDAY 1
#define HAVE_POSIX_FADVISE 1
#define HAVE_POSIX_FALLOCATE 1
#define HAVE_POSIX_MADVISE 1
#define HAVE_STRTOUQ 1
#define HAVE_SYNC_FILE_RANGE 1
#define HAVE_TIMER_CREATE 1
#define HAVE_FDATASYNC 1
#define HAVE_POSIX_MEMALIGN 1
#define HAVE_PTHREAD_COND_MONOTONIC 1
#define WT_BUFFER_ALIGNMENT_DEFAULT 4096

configure: exit 0
